<?xml version="1.0" encoding="UTF-8"?>
<!-- Generated by org.testng.reporters.JUnitXMLReporter -->
<testsuite hostname="DESKTOP-NV5OIPA" ignored="0" name="Default test" tests="3" failures="0" timestamp="23 Nov 2020 09:08:43 GMT" time="0.089" errors="0">
  <testcase name="doLogin" time="0.014" classname="parameterization.ParameterizationUsingDataProvider"/>
  <testcase name="doLogin" time="0.006" classname="parameterization.ParameterizationUsingDataProvider"/>
  <testcase name="doLogin" time="0.005" classname="parameterization.ParameterizationUsingDataProvider"/>
</testsuite> <!-- Default test -->
