<?xml version="1.0" encoding="UTF-8"?>
<!-- Generated by org.testng.reporters.JUnitXMLReporter -->
<testsuite hostname="DESKTOP-NV5OIPA" ignored="0" name="Parameterization using DataProvider" tests="3" failures="0" timestamp="23 Nov 2020 09:09:44 GMT" time="0.025" errors="0">
  <testcase name="doLogin" time="0.003" classname="parameterization.ParameterizationUsingDataProvider"/>
  <testcase name="doLogin" time="0.004" classname="parameterization.ParameterizationUsingDataProvider"/>
  <testcase name="doLogin" time="0.003" classname="parameterization.ParameterizationUsingDataProvider"/>
</testsuite> <!-- Parameterization using DataProvider -->
